<?xml version="1.0" encoding="UTF-8"?>
<!-- Generated by org.testng.reporters.JUnitXMLReporter -->
<testsuite hostname="anton-MS-7501" name="Command line test" tests="4" failures="0" timestamp="29 Aug 2016 06:27:13 GMT" time="0.04" errors="0">
  <testcase name="whenAddTwoNumbers" time="0.017" classname="aserdyuchenko.CalculatorTest"/>
  <testcase name="whenDivTwoNumbers" time="0.0" classname="aserdyuchenko.CalculatorTest"/>
  <testcase name="whenMultipleTwoNumbers" time="0.0" classname="aserdyuchenko.CalculatorTest"/>
  <testcase name="whenSubstructTwoNumbers" time="0.002" classname="aserdyuchenko.CalculatorTest"/>
</testsuite> <!-- Command line test -->
