<?xml version="1.0" encoding="UTF-8"?>
<testng-results skipped="0" failed="0" total="4" passed="4">
  <reporter-output>
  </reporter-output>
  <suite name="aserdyuchenko.CalculatorTest" duration-ms="40" started-at="2016-08-29T06:27:13Z" finished-at="2016-08-29T06:27:13Z">
    <groups>
    </groups>
    <test name="Command line test" duration-ms="40" started-at="2016-08-29T06:27:13Z" finished-at="2016-08-29T06:27:13Z">
      <class name="aserdyuchenko.CalculatorTest">
        <test-method status="PASS" signature="whenAddTwoNumbers()[pri:0, instance:aserdyuchenko.CalculatorTest@1b40d5f0]" name="whenAddTwoNumbers" duration-ms="17" started-at="2016-08-29T09:27:13Z" finished-at="2016-08-29T09:27:13Z">
          <reporter-output>
          </reporter-output>
        </test-method> <!-- whenAddTwoNumbers -->
        <test-method status="PASS" signature="whenDivTwoNumbers()[pri:0, instance:aserdyuchenko.CalculatorTest@1b40d5f0]" name="whenDivTwoNumbers" duration-ms="0" started-at="2016-08-29T09:27:13Z" finished-at="2016-08-29T09:27:13Z">
          <reporter-output>
          </reporter-output>
        </test-method> <!-- whenDivTwoNumbers -->
        <test-method status="PASS" signature="whenMultipleTwoNumbers()[pri:0, instance:aserdyuchenko.CalculatorTest@1b40d5f0]" name="whenMultipleTwoNumbers" duration-ms="0" started-at="2016-08-29T09:27:13Z" finished-at="2016-08-29T09:27:13Z">
          <reporter-output>
          </reporter-output>
        </test-method> <!-- whenMultipleTwoNumbers -->
        <test-method status="PASS" signature="whenSubstructTwoNumbers()[pri:0, instance:aserdyuchenko.CalculatorTest@1b40d5f0]" name="whenSubstructTwoNumbers" duration-ms="2" started-at="2016-08-29T09:27:13Z" finished-at="2016-08-29T09:27:13Z">
          <reporter-output>
          </reporter-output>
        </test-method> <!-- whenSubstructTwoNumbers -->
      </class> <!-- aserdyuchenko.CalculatorTest -->
    </test> <!-- Command line test -->
  </suite> <!-- aserdyuchenko.CalculatorTest -->
</testng-results>
