<?xml version="1.0" encoding="UTF-8"?>
<testng-results skipped="0" failed="0" total="6" passed="6">
  <reporter-output>
  </reporter-output>
  <suite name="Command line suite" duration-ms="160" started-at="2016-09-03T08:29:00Z" finished-at="2016-09-03T08:29:00Z">
    <groups>
    </groups>
    <test name="Command line test" duration-ms="160" started-at="2016-09-03T08:29:00Z" finished-at="2016-09-03T08:29:00Z">
      <class name="aserdyuchenko.PointTest">
        <test-method status="PASS" signature="whenCalculateDistanceBetweenTwoPoints()[pri:0, instance:aserdyuchenko.PointTest@2c8d66b2]" name="whenCalculateDistanceBetweenTwoPoints" duration-ms="1" started-at="2016-09-03T11:29:00Z" finished-at="2016-09-03T11:29:00Z">
          <reporter-output>
          </reporter-output>
        </test-method> <!-- whenCalculateDistanceBetweenTwoPoints -->
      </class> <!-- aserdyuchenko.PointTest -->
      <class name="aserdyuchenko.CalculateTest">
        <test-method status="PASS" signature="whenYouWantSeeHelloWorld()[pri:0, instance:aserdyuchenko.CalculateTest@7d417077]" name="whenYouWantSeeHelloWorld" duration-ms="57" started-at="2016-09-03T11:29:00Z" finished-at="2016-09-03T11:29:00Z">
          <reporter-output>
          </reporter-output>
        </test-method> <!-- whenYouWantSeeHelloWorld -->
      </class> <!-- aserdyuchenko.CalculateTest -->
      <class name="aserdyuchenko.CalculatorTest">
        <test-method status="PASS" signature="whenAddTwoNumbers()[pri:0, instance:aserdyuchenko.CalculatorTest@5a39699c]" name="whenAddTwoNumbers" duration-ms="33" started-at="2016-09-03T11:29:00Z" finished-at="2016-09-03T11:29:00Z">
          <reporter-output>
          </reporter-output>
        </test-method> <!-- whenAddTwoNumbers -->
        <test-method status="PASS" signature="whenDivTwoNumbers()[pri:0, instance:aserdyuchenko.CalculatorTest@5a39699c]" name="whenDivTwoNumbers" duration-ms="1" started-at="2016-09-03T11:29:00Z" finished-at="2016-09-03T11:29:00Z">
          <reporter-output>
          </reporter-output>
        </test-method> <!-- whenDivTwoNumbers -->
        <test-method status="PASS" signature="whenMultipleTwoNumbers()[pri:0, instance:aserdyuchenko.CalculatorTest@5a39699c]" name="whenMultipleTwoNumbers" duration-ms="0" started-at="2016-09-03T11:29:00Z" finished-at="2016-09-03T11:29:00Z">
          <reporter-output>
          </reporter-output>
        </test-method> <!-- whenMultipleTwoNumbers -->
        <test-method status="PASS" signature="whenSubstructTwoNumbers()[pri:0, instance:aserdyuchenko.CalculatorTest@5a39699c]" name="whenSubstructTwoNumbers" duration-ms="0" started-at="2016-09-03T11:29:00Z" finished-at="2016-09-03T11:29:00Z">
          <reporter-output>
          </reporter-output>
        </test-method> <!-- whenSubstructTwoNumbers -->
      </class> <!-- aserdyuchenko.CalculatorTest -->
    </test> <!-- Command line test -->
  </suite> <!-- Command line suite -->
</testng-results>
